[25/Oct/2019:15:01:47] (ℹ️): WordPress Instance Info:
[25/Oct/2019:15:01:47] (ℹ️): Home URL : http://localhost/wordpress
[25/Oct/2019:15:01:47] (ℹ️): Site URL : http://localhost/wordpress
[25/Oct/2019:15:01:47] (ℹ️): WordPress Version : 5.2.4
[25/Oct/2019:15:01:47] (ℹ️): Onboarding Version : 1.7.8
[25/Oct/2019:15:01:47] (ℹ️): Multisite : No
[25/Oct/2019:15:01:47] (ℹ️): Server Info : Apache/2.4.41 (Win64) OpenSSL/1.1.1c PHP/7.3.10
[25/Oct/2019:15:01:47] (ℹ️): PHP Version : 7.3.10
[25/Oct/2019:15:01:47] (ℹ️): HTTPS : No
[25/Oct/2019:15:01:47] (ℹ️): PHP Max Execution Time : 120
[25/Oct/2019:15:01:47] (ℹ️): PHP Max Input Vars : 1000
[25/Oct/2019:15:01:47] (ℹ️): Max Upload Size : 41943040
[25/Oct/2019:15:01:47] (ℹ️): Plugins:
[25/Oct/2019:15:01:47] (ℹ️): [PLUGIN] Elementor : v2.7.4 (Elementor.com)
[25/Oct/2019:15:01:47] (ℹ️): [PLUGIN] Jetpack by WordPress.com : v7.8 (Automattic)
[25/Oct/2019:15:01:47] (ℹ️): [PLUGIN] Mailchimp for WooCommerce : v2.2.4 (Mailchimp)
[25/Oct/2019:15:01:47] (ℹ️): [PLUGIN] Orbit Fox Companion : v2.8.10 (Themeisle)
[25/Oct/2019:15:01:47] (ℹ️): [PLUGIN] WooCommerce : v3.7.1 (Automattic)
[25/Oct/2019:15:01:47] (ℹ️): [PLUGIN] WPForms Lite : v1.5.6 (WPForms)
[25/Oct/2019:15:01:47] (ℹ️): WordPress Instance Info:
[25/Oct/2019:15:01:47] (ℹ️): Home URL : http://localhost/wordpress
[25/Oct/2019:15:01:47] (ℹ️): Site URL : http://localhost/wordpress
[25/Oct/2019:15:01:47] (ℹ️): WordPress Version : 5.2.4
[25/Oct/2019:15:01:47] (ℹ️): Onboarding Version : 1.7.8
[25/Oct/2019:15:01:47] (ℹ️): Multisite : No
[25/Oct/2019:15:01:47] (ℹ️): Server Info : Apache/2.4.41 (Win64) OpenSSL/1.1.1c PHP/7.3.10
[25/Oct/2019:15:01:47] (ℹ️): PHP Version : 7.3.10
[25/Oct/2019:15:01:47] (ℹ️): HTTPS : No
[25/Oct/2019:15:01:47] (ℹ️): PHP Max Execution Time : 120
[25/Oct/2019:15:01:47] (ℹ️): PHP Max Input Vars : 1000
[25/Oct/2019:15:01:47] (ℹ️): Max Upload Size : 41943040
[25/Oct/2019:15:01:47] (ℹ️): Plugins:
[25/Oct/2019:15:01:47] (ℹ️): [PLUGIN] Elementor : v2.7.4 (Elementor.com)
[25/Oct/2019:15:01:47] (ℹ️): [PLUGIN] Jetpack by WordPress.com : v7.8 (Automattic)
[25/Oct/2019:15:01:47] (ℹ️): [PLUGIN] Mailchimp for WooCommerce : v2.2.4 (Mailchimp)
[25/Oct/2019:15:01:47] (ℹ️): [PLUGIN] Orbit Fox Companion : v2.8.10 (Themeisle)
[25/Oct/2019:15:01:47] (ℹ️): [PLUGIN] WooCommerce : v3.7.1 (Automattic)
[25/Oct/2019:15:01:47] (ℹ️): [PLUGIN] WPForms Lite : v1.5.6 (WPForms)
[25/Oct/2019:15:01:47] (ℹ️): WordPress Instance Info:
[25/Oct/2019:15:01:47] (ℹ️): Home URL : http://localhost/wordpress
[25/Oct/2019:15:01:47] (ℹ️): Site URL : http://localhost/wordpress
[25/Oct/2019:15:01:47] (ℹ️): WordPress Version : 5.2.4
[25/Oct/2019:15:01:47] (ℹ️): Onboarding Version : 1.7.8
[25/Oct/2019:15:01:47] (ℹ️): Multisite : No
[25/Oct/2019:15:01:47] (ℹ️): Server Info : Apache/2.4.41 (Win64) OpenSSL/1.1.1c PHP/7.3.10
[25/Oct/2019:15:01:47] (ℹ️): PHP Version : 7.3.10
[25/Oct/2019:15:01:47] (ℹ️): HTTPS : No
[25/Oct/2019:15:01:47] (ℹ️): PHP Max Execution Time : 120
[25/Oct/2019:15:01:47] (ℹ️): PHP Max Input Vars : 1000
[25/Oct/2019:15:01:47] (ℹ️): Max Upload Size : 41943040
[25/Oct/2019:15:01:47] (ℹ️): Plugins:
[25/Oct/2019:15:01:47] (ℹ️): [PLUGIN] Elementor : v2.7.4 (Elementor.com)
[25/Oct/2019:15:01:47] (ℹ️): [PLUGIN] Jetpack by WordPress.com : v7.8 (Automattic)
[25/Oct/2019:15:01:47] (ℹ️): [PLUGIN] Mailchimp for WooCommerce : v2.2.4 (Mailchimp)
[25/Oct/2019:15:01:47] (ℹ️): [PLUGIN] Orbit Fox Companion : v2.8.10 (Themeisle)
[25/Oct/2019:15:01:47] (ℹ️): [PLUGIN] WooCommerce : v3.7.1 (Automattic)
[25/Oct/2019:15:01:47] (ℹ️): [PLUGIN] WPForms Lite : v1.5.6 (WPForms)
